#
# A fatal error has been detected by the Java Runtime Environment:
#
#  SIGSEGV (0xb) at pc=0x00007fa890fae31e, pid=172691, tid=172707
#
# JRE version: OpenJDK Runtime Environment (11.0.11+9) (build 11.0.11+9-Ubuntu-0ubuntu2)
# Java VM: OpenJDK 64-Bit Server VM (11.0.11+9-Ubuntu-0ubuntu2, mixed mode, sharing, tiered, compressed oops, g1 gc, linux-amd64)
# Problematic frame:
# C  [libjimage.so+0x331e]
#
# Core dump will be written. Default location: Core dumps may be processed with "/usr/share/apport/apport %p %s %c %d %P %E" (or dumping to /home/reiner/Projects/OceanDSL/oceandsl-tools/tools/sar/core.172691)
#
# If you would like to submit a bug report, please visit:
#   https://bugs.launchpad.net/ubuntu/+source/openjdk-lts
#

---------------  S U M M A R Y ------------

Command Line: -agentlib:jdwp=transport=dt_socket,suspend=y,address=localhost:42583 -javaagent:/home/reiner/eclipse/dsl-2020-09/eclipse/configuration/org.eclipse.osgi/1081/0/.cp/lib/javaagent-shaded.jar -Dfile.encoding=UTF-8 org.oceandsl.tools.sar.StaticArchitectureRecoveryMain -i /home/reiner/Projects/OceanDSL/experiments/static-uvic/uvic-callgraph.csv -j /home/reiner/Projects/OceanDSL/oceandsl-tools/dataflow.csv -f /home/reiner/Projects/OceanDSL/experiments/static-uvic/uvic-functionnames.csv /home/reiner/Projects/OceanDSL/experiments/static-uvic/additional-functionnames.csv -o /home/reiner/temp/model-sar/ -l static -E demo -H node1 -c

Host: Intel(R) Core(TM) i7-4500U CPU @ 1.80GHz, 4 cores, 7G, Ubuntu 21.04
Time: Sat Sep 25 00:10:38 2021 CEST elapsed time: 7189.507873 seconds (0d 1h 59m 49s)

---------------  T H R E A D  ---------------

Current thread (0x00007fa888185800):  JavaThread "Signal Dispatcher" daemon [_thread_in_vm, id=172707, stack(0x00007fa86803f000,0x00007fa868140000)]

Stack: [0x00007fa86803f000,0x00007fa868140000],  sp=0x00007fa86813d170,  free space=1016k
Native frames: (J=compiled Java code, A=aot compiled Java code, j=interpreted, Vv=VM code, C=native code)
C  [libjimage.so+0x331e]
C  [libjimage.so+0x3fd2]
C  [libjimage.so+0x44d1]  JIMAGE_FindResource+0xf1
V  [libjvm.so+0x5af541]
V  [libjvm.so+0x5b1da1]
V  [libjvm.so+0xde49bd]
V  [libjvm.so+0xde34fa]
V  [libjvm.so+0xde5c2b]
V  [libjvm.so+0x662169]
V  [libjvm.so+0x84b176]
j  jdk.internal.misc.Signal.dispatch(I)V+25 java.base@11.0.11
